#
# A fatal error has been detected by the Java Runtime Environment:
#
#  EXCEPTION_ACCESS_VIOLATION (0xc0000005) at pc=0x00007ff965bdaf59, pid=28568, tid=10752
#
# JRE version: Java(TM) SE Runtime Environment (12.0.1+12) (build 12.0.1+12)
# Java VM: Java HotSpot(TM) 64-Bit Server VM (12.0.1+12, mixed mode, sharing, tiered, compressed oops, g1 gc, windows-amd64)
# Problematic frame:
# V  [jvm.dll+0x25af59]
#
# No core dump will be written. Minidumps are not enabled by default on client versions of Windows
#
# If you would like to submit a bug report, please visit:
#   http://bugreport.java.com/bugreport/crash.jsp
#

---------------  S U M M A R Y ------------

Command Line: -agentlib:jdwp=transport=dt_socket,suspend=y,address=localhost:53446 -javaagent:D:\java\eclipse\eclipse\configuration\org.eclipse.osgi\226\0\.cp\lib\javaagent-shaded.jar -Dfile.encoding=UTF-8 tree.Solution_D4_1232_»çÄ¢¿¬»ê_¼­¿ï9¹Ý_±è¿ìÀç

Host: Intel(R) Core(TM) i7-6500U CPU @ 2.50GHz, 4 cores, 7G,  Windows 10 , 64 bit Build 17134 (10.0.17134.753)
Time: Thu Aug 15 13:54:22 2019 ¢¥eCN©öI¡¾©ö C¡ÍA¨ª¨öA elapsed time: 1230 seconds (0d 0h 20m 30s)

---------------  T H R E A D  ---------------

Current thread (0x00000272ba120800):  VMThread "VM Thread" [stack: 0x000000990bd00000,0x000000990be00000] [id=10752]

Stack: [0x000000990bd00000,0x000000990be00000],  sp=0x000000990bdff1a8,  free space=1020k
Native frames: (J=compiled Java code, j=interpreted, Vv=VM code, C=native code)
V  [jvm.dll+0x25af59]


siginfo: EXCEPTION_ACCESS_VIOLATION (0xc0000005), reading address 0x00000272ba61cf00


Register to memory mapping:

RIP=0x00007ff965bdaf59 jvm.dll
RAX=0x000000000003f6e0 is an unknown value
RBX=0x000000990bdff430 points into unknown readable memory: 58 b4 25 66 f9 7f 00 00
RCX=0x00000272ba5dd820 is pointing into metadata
RDX=0x0000000000001fb6 is an unknown value
RSP=0x000000990bdff1a8 points into unknown readable memory: c3 cd cc 65 f9 7f 00 00
RBP=0x0000000000000001 is an unknown value
RSI=0x0000000000000001 is an unknown value
RDI=0x00000272ba5dcbf0 is pointing into metadata
R8 =0x0 is NULL
R9 =0x00000272ba5dcbf0 is pointing into metadata
R10=0x00007ff965980000 jvm.dll
R11=0x000000990bdff210 points into unknown readable memory: 30 f4 df 0b 99 00 00 00
R12=0x00000272ba10a010 points into unknown readable memory: 00 90 25 66 6e 00 00 00
R13=0x00000000000000a0 is an unknown value
R14=0x00000272ba5dd716 is pointing into metadata
R15=0x0000000000000096 is an unknown value


Registers:
RAX=0x000000000003f6e0, RBX=0x000000990bdff430, RCX=0x00000272ba5dd820, RDX=0x0000000000001fb6
RSP=0x000000990bdff1a8, RBP=0x0000000000000001, RSI=0x0000000000000001, RDI=0x00000272ba5dcbf0
R8 =0x0000000000000000, R9 =0x00000272ba5dcbf0, R10=0x00007ff965980000, R11=0x000000990bdff210
R12=0x00000272ba10a010, R13=0x00000000000000a0, R14=0x00000272ba5dd716, R15=0x0000000000000096
RIP=0x00007ff965bdaf59, EFLAGS=0x0000000000010202

Top of Stack: (sp=0x000000990bdff1a8)
0x000000990bdff1a8:   00007ff965cccdc3 000000990bdff200
0x000000990bdff1b8:   00007ff965cd1008 00000272ba10a060
0x000000990bdff1c8:   000000000000009c 00000272ba5dd790
0x000000990bdff1d8:   00000272ba120800 00000272ba5dd711
0x000000990bdff1e8:   8fffffff000000e6 00005038c18ab6d0
0x000000990bdff1f8:   00005038c18ab6a0 00000272ba5dd716
0x000000990bdff208:   000000990bdff290 000000990bdff430
0x000000990bdff218:   00007ff965ccf256 0000000000000008
0x000000990bdff228:   000000000000007e 0000000000000001
0x000000990bdff238:   00000272ba5dd711 000000990000007e
0x000000990bdff248:   000000990bdff2c0 0000000000000096
0x000000990bdff258:   00000000000000b2 00000000000000b2
0x000000990bdff268:   00007ff965ccfb6e 000000990bdff430
0x000000990bdff278:   000000990bdff2c0 00000272ba5dd716
0x000000990bdff288:   6666666666666667 00000272ba5dd790
0x000000990bdff298:   00000272ba120800 000000810000007e 

Instructions: (pc=0x00007ff965bdaf59)
0x00007ff965bdaf39:   c2 48 ff c0 48 c1 e0 05 48 8b 04 08 0f b7 c8 41
0x00007ff965bdaf49:   0f b7 44 c9 42 c3 48 63 c2 48 ff c0 48 c1 e0 05
0x00007ff965bdaf59:   48 8b 04 08 0f b7 d0 48 63 c2 41 0f b7 44 c1 42
0x00007ff965bdaf69:   c3 49 8b 41 08 48 63 ca 0f b6 44 01 04 3c 12 74 


Stack slot to memory mapping:
stack at sp + 0 slots: 0x00007ff965cccdc3 jvm.dll
stack at sp + 1 slots: 0x000000990bdff200 points into unknown readable memory: 16 d7 5d ba 72 02 00 00
stack at sp + 2 slots: 0x00007ff965cd1008 jvm.dll
stack at sp + 3 slots: 0x00000272ba10a060 points into unknown readable memory: 00 90 25 66 9c 00 00 00
stack at sp + 4 slots: 0x000000000000009c is an unknown value
stack at sp + 5 slots: {method} {0x00000272ba5dd798} 'main' '([Ljava/lang/String;)V' in 'tree/Solution_D4_1232_ì‚¬ì¹™ì—°ì‚°_ì„œìš¸9ë°˜_ê¹€ìš°ìž¬'
stack at sp + 6 slots: 0x00000272ba120800 points into unknown readable memory: 68 04 29 66 f9 7f 00 00
stack at sp + 7 slots: 0x00000272ba5dd711 is pointing into metadata

VM_Operation (0x000000990c6fef30): GetOrSetLocal, mode: safepoint, requested by thread 0x00000272babe3800


---------------  P R O C E S S  ---------------

Threads class SMR info:
_java_thread_list=0x00000272bacae910, length=13, elements={
0x000002729bcf4800, 0x00000272ba124000, 0x00000272ba125000, 0x00000272ba142000,
0x00000272ba144000, 0x00000272ba14e000, 0x00000272ba161000, 0x00000272ba18a800,
0x00000272ba10a800, 0x00000272babe3800, 0x00000272babe9000, 0x00000272babe9800,
0x00000272bacce800
}

Java Threads: ( => current thread )
  0x000002729bcf4800 JavaThread "main" [_thread_blocked, id=8580, stack(0x000000990b700000,0x000000990b800000)]
  0x00000272ba124000 JavaThread "Reference Handler" daemon [_thread_blocked, id=7388, stack(0x000000990be00000,0x000000990bf00000)]
  0x00000272ba125000 JavaThread "Finalizer" daemon [_thread_blocked, id=20588, stack(0x000000990bf00000,0x000000990c000000)]
  0x00000272ba142000 JavaThread "Signal Dispatcher" daemon [_thread_blocked, id=10020, stack(0x000000990c000000,0x000000990c100000)]
  0x00000272ba144000 JavaThread "Attach Listener" daemon [_thread_blocked, id=23844, stack(0x000000990c100000,0x000000990c200000)]
  0x00000272ba14e000 JavaThread "C2 CompilerThread0" daemon [_thread_blocked, id=8760, stack(0x000000990c200000,0x000000990c300000)]
  0x00000272ba161000 JavaThread "C1 CompilerThread0" daemon [_thread_blocked, id=16756, stack(0x000000990c300000,0x000000990c400000)]
  0x00000272ba18a800 JavaThread "Sweeper thread" daemon [_thread_blocked, id=18708, stack(0x000000990c400000,0x000000990c500000)]
  0x00000272ba10a800 JavaThread "Common-Cleaner" daemon [_thread_blocked, id=28032, stack(0x000000990c500000,0x000000990c600000)]
  0x00000272babe3800 JavaThread "JDWP Transport Listener: dt_socket" daemon [_thread_blocked, id=10700, stack(0x000000990c600000,0x000000990c700000)] _threads_hazard_ptr=0x00000272bacae910
  0x00000272babe9000 JavaThread "JDWP Event Helper Thread" daemon [_thread_blocked, id=20132, stack(0x000000990c700000,0x000000990c800000)]
  0x00000272babe9800 JavaThread "JDWP Command Reader" daemon [_thread_in_native, id=23684, stack(0x000000990c800000,0x000000990c900000)]
  0x00000272bacce800 JavaThread "Service Thread" daemon [_thread_blocked, id=3016, stack(0x000000990ca00000,0x000000990cb00000)]

Other Threads:
=>0x00000272ba120800 VMThread "VM Thread" [stack: 0x000000990bd00000,0x000000990be00000] [id=10752]
  0x00000272bacc6800 WatcherThread [stack: 0x000000990cb00000,0x000000990cc00000] [id=29368]
  0x000002729bd35000 GCTaskThread "GC Thread#0" [stack: 0x000000990b800000,0x000000990b900000] [id=22524]
  0x000002729bd43800 ConcurrentGCThread "G1 Main Marker" [stack: 0x000000990b900000,0x000000990ba00000] [id=24936]
  0x000002729bd46000 ConcurrentGCThread "G1 Conc#0" [stack: 0x000000990ba00000,0x000000990bb00000] [id=24988]
  0x00000272b9fa2800 ConcurrentGCThread "G1 Refine#0" [stack: 0x000000990bb00000,0x000000990bc00000] [id=5500]
  0x00000272b9fa5000 ConcurrentGCThread "G1 Young RemSet Sampling" [stack: 0x000000990bc00000,0x000000990bd00000] [id=17208]

Threads with active compile tasks:

VM state:at safepoint (normal execution)

VM Mutex/Monitor currently owned by a thread:  ([mutex/lock_event])
[0x000002729bcf0eb0] Threads_lock - owner thread: 0x00000272ba120800

Heap address: 0x0000000081400000, size: 2028 MB, Compressed Oops mode: 32-bit
Narrow klass base: 0x0000000800000000, Narrow klass shift: 3
Compressed class space size: 1073741824 Address: 0x00000008011a0000

Heap:
 garbage-first heap   total 131072K, used 4096K [0x0000000081400000, 0x0000000100000000)
  region size 1024K, 5 young (5120K), 0 survivors (0K)
 Metaspace       used 2774K, capacity 4909K, committed 5120K, reserved 1056768K
  class space    used 255K, capacity 443K, committed 512K, reserved 1048576K
Heap Regions: E=young(eden), S=young(survivor), O=old, HS=humongous(starts), HC=humongous(continues), CS=collection set, F=free, A=archive, TAMS=top-at-mark-start (previous, next)
|   0|0x0000000081400000, 0x0000000081400000, 0x0000000081500000|  0%| F|  |TAMS 0x0000000081400000, 0x0000000081400000| Untracked 
|   1|0x0000000081500000, 0x0000000081500000, 0x0000000081600000|  0%| F|  |TAMS 0x0000000081500000, 0x0000000081500000| Untracked 
|   2|0x0000000081600000, 0x0000000081600000, 0x0000000081700000|  0%| F|  |TAMS 0x0000000081600000, 0x0000000081600000| Untracked 
|   3|0x0000000081700000, 0x0000000081700000, 0x0000000081800000|  0%| F|  |TAMS 0x0000000081700000, 0x0000000081700000| Untracked 
|   4|0x0000000081800000, 0x0000000081800000, 0x0000000081900000|  0%| F|  |TAMS 0x0000000081800000, 0x0000000081800000| Untracked 
|   5|0x0000000081900000, 0x0000000081900000, 0x0000000081a00000|  0%| F|  |TAMS 0x0000000081900000, 0x0000000081900000| Untracked 
|   6|0x0000000081a00000, 0x0000000081a00000, 0x0000000081b00000|  0%| F|  |TAMS 0x0000000081a00000, 0x0000000081a00000| Untracked 
|   7|0x0000000081b00000, 0x0000000081b00000, 0x0000000081c00000|  0%| F|  |TAMS 0x0000000081b00000, 0x0000000081b00000| Untracked 
|   8|0x0000000081c00000, 0x0000000081c00000, 0x0000000081d00000|  0%| F|  |TAMS 0x0000000081c00000, 0x0000000081c00000| Untracked 
|   9|0x0000000081d00000, 0x0000000081d00000, 0x0000000081e00000|  0%| F|  |TAMS 0x0000000081d00000, 0x0000000081d00000| Untracked 
|  10|0x0000000081e00000, 0x0000000081e00000, 0x0000000081f00000|  0%| F|  |TAMS 0x0000000081e00000, 0x0000000081e00000| Untracked 
|  11|0x0000000081f00000, 0x0000000081f00000, 0x0000000082000000|  0%| F|  |TAMS 0x0000000081f00000, 0x0000000081f00000| Untracked 
|  12|0x0000000082000000, 0x0000000082000000, 0x0000000082100000|  0%| F|  |TAMS 0x0000000082000000, 0x0000000082000000| Untracked 
|  13|0x0000000082100000, 0x0000000082100000, 0x0000000082200000|  0%| F|  |TAMS 0x0000000082100000, 0x0000000082100000| Untracked 
|  14|0x0000000082200000, 0x0000000082200000, 0x0000000082300000|  0%| F|  |TAMS 0x0000000082200000, 0x0000000082200000| Untracked 
|  15|0x0000000082300000, 0x0000000082300000, 0x0000000082400000|  0%| F|  |TAMS 0x0000000082300000, 0x0000000082300000| Untracked 
|  16|0x0000000082400000, 0x0000000082400000, 0x0000000082500000|  0%| F|  |TAMS 0x0000000082400000, 0x0000000082400000| Untracked 
|  17|0x0000000082500000, 0x0000000082500000, 0x0000000082600000|  0%| F|  |TAMS 0x0000000082500000, 0x0000000082500000| Untracked 
|  18|0x0000000082600000, 0x0000000082600000, 0x0000000082700000|  0%| F|  |TAMS 0x0000000082600000, 0x0000000082600000| Untracked 
|  19|0x0000000082700000, 0x0000000082700000, 0x0000000082800000|  0%| F|  |TAMS 0x0000000082700000, 0x0000000082700000| Untracked 
|  20|0x0000000082800000, 0x0000000082800000, 0x0000000082900000|  0%| F|  |TAMS 0x0000000082800000, 0x0000000082800000| Untracked 
|  21|0x0000000082900000, 0x0000000082900000, 0x0000000082a00000|  0%| F|  |TAMS 0x0000000082900000, 0x0000000082900000| Untracked 
|  22|0x0000000082a00000, 0x0000000082a00000, 0x0000000082b00000|  0%| F|  |TAMS 0x0000000082a00000, 0x0000000082a00000| Untracked 
|  23|0x0000000082b00000, 0x0000000082b00000, 0x0000000082c00000|  0%| F|  |TAMS 0x0000000082b00000, 0x0000000082b00000| Untracked 
|  24|0x0000000082c00000, 0x0000000082c00000, 0x0000000082d00000|  0%| F|  |TAMS 0x0000000082c00000, 0x0000000082c00000| Untracked 
|  25|0x0000000082d00000, 0x0000000082d00000, 0x0000000082e00000|  0%| F|  |TAMS 0x0000000082d00000, 0x0000000082d00000| Untracked 
|  26|0x0000000082e00000, 0x0000000082e00000, 0x0000000082f00000|  0%| F|  |TAMS 0x0000000082e00000, 0x0000000082e00000| Untracked 
|  27|0x0000000082f00000, 0x0000000082f00000, 0x0000000083000000|  0%| F|  |TAMS 0x0000000082f00000, 0x0000000082f00000| Untracked 
|  28|0x0000000083000000, 0x0000000083000000, 0x0000000083100000|  0%| F|  |TAMS 0x0000000083000000, 0x0000000083000000| Untracked 
|  29|0x0000000083100000, 0x0000000083100000, 0x0000000083200000|  0%| F|  |TAMS 0x0000000083100000, 0x0000000083100000| Untracked 
|  30|0x0000000083200000, 0x0000000083200000, 0x0000000083300000|  0%| F|  |TAMS 0x0000000083200000, 0x0000000083200000| Untracked 
|  31|0x0000000083300000, 0x0000000083300000, 0x0000000083400000|  0%| F|  |TAMS 0x0000000083300000, 0x0000000083300000| Untracked 
|  32|0x0000000083400000, 0x0000000083400000, 0x0000000083500000|  0%| F|  |TAMS 0x0000000083400000, 0x0000000083400000| Untracked 
|  33|0x0000000083500000, 0x0000000083500000, 0x0000000083600000|  0%| F|  |TAMS 0x0000000083500000, 0x0000000083500000| Untracked 
|  34|0x0000000083600000, 0x0000000083600000, 0x0000000083700000|  0%| F|  |TAMS 0x0000000083600000, 0x0000000083600000| Untracked 
|  35|0x0000000083700000, 0x0000000083700000, 0x0000000083800000|  0%| F|  |TAMS 0x0000000083700000, 0x0000000083700000| Untracked 
|  36|0x0000000083800000, 0x0000000083800000, 0x0000000083900000|  0%| F|  |TAMS 0x0000000083800000, 0x0000000083800000| Untracked 
|  37|0x0000000083900000, 0x0000000083900000, 0x0000000083a00000|  0%| F|  |TAMS 0x0000000083900000, 0x0000000083900000| Untracked 
|  38|0x0000000083a00000, 0x0000000083a00000, 0x0000000083b00000|  0%| F|  |TAMS 0x0000000083a00000, 0x0000000083a00000| Untracked 
|  39|0x0000000083b00000, 0x0000000083b00000, 0x0000000083c00000|  0%| F|  |TAMS 0x0000000083b00000, 0x0000000083b00000| Untracked 
|  40|0x0000000083c00000, 0x0000000083c00000, 0x0000000083d00000|  0%| F|  |TAMS 0x0000000083c00000, 0x0000000083c00000| Untracked 
|  41|0x0000000083d00000, 0x0000000083d00000, 0x0000000083e00000|  0%| F|  |TAMS 0x0000000083d00000, 0x0000000083d00000| Untracked 
|  42|0x0000000083e00000, 0x0000000083e00000, 0x0000000083f00000|  0%| F|  |TAMS 0x0000000083e00000, 0x0000000083e00000| Untracked 
|  43|0x0000000083f00000, 0x0000000083f00000, 0x0000000084000000|  0%| F|  |TAMS 0x0000000083f00000, 0x0000000083f00000| Untracked 
|  44|0x0000000084000000, 0x0000000084000000, 0x0000000084100000|  0%| F|  |TAMS 0x0000000084000000, 0x0000000084000000| Untracked 
|  45|0x0000000084100000, 0x0000000084100000, 0x0000000084200000|  0%| F|  |TAMS 0x0000000084100000, 0x0000000084100000| Untracked 
|  46|0x0000000084200000, 0x0000000084200000, 0x0000000084300000|  0%| F|  |TAMS 0x0000000084200000, 0x0000000084200000| Untracked 
|  47|0x0000000084300000, 0x0000000084300000, 0x0000000084400000|  0%| F|  |TAMS 0x0000000084300000, 0x0000000084300000| Untracked 
|  48|0x0000000084400000, 0x0000000084400000, 0x0000000084500000|  0%| F|  |TAMS 0x0000000084400000, 0x0000000084400000| Untracked 
|  49|0x0000000084500000, 0x0000000084500000, 0x0000000084600000|  0%| F|  |TAMS 0x0000000084500000, 0x0000000084500000| Untracked 
|  50|0x0000000084600000, 0x0000000084600000, 0x0000000084700000|  0%| F|  |TAMS 0x0000000084600000, 0x0000000084600000| Untracked 
|  51|0x0000000084700000, 0x0000000084700000, 0x0000000084800000|  0%| F|  |TAMS 0x0000000084700000, 0x0000000084700000| Untracked 
|  52|0x0000000084800000, 0x0000000084800000, 0x0000000084900000|  0%| F|  |TAMS 0x0000000084800000, 0x0000000084800000| Untracked 
|  53|0x0000000084900000, 0x0000000084900000, 0x0000000084a00000|  0%| F|  |TAMS 0x0000000084900000, 0x0000000084900000| Untracked 
|  54|0x0000000084a00000, 0x0000000084a00000, 0x0000000084b00000|  0%| F|  |TAMS 0x0000000084a00000, 0x0000000084a00000| Untracked 
|  55|0x0000000084b00000, 0x0000000084b00000, 0x0000000084c00000|  0%| F|  |TAMS 0x0000000084b00000, 0x0000000084b00000| Untracked 
|  56|0x0000000084c00000, 0x0000000084c00000, 0x0000000084d00000|  0%| F|  |TAMS 0x0000000084c00000, 0x0000000084c00000| Untracked 
|  57|0x0000000084d00000, 0x0000000084d00000, 0x0000000084e00000|  0%| F|  |TAMS 0x0000000084d00000, 0x0000000084d00000| Untracked 
|  58|0x0000000084e00000, 0x0000000084e00000, 0x0000000084f00000|  0%| F|  |TAMS 0x0000000084e00000, 0x0000000084e00000| Untracked 
|  59|0x0000000084f00000, 0x0000000084f00000, 0x0000000085000000|  0%| F|  |TAMS 0x0000000084f00000, 0x0000000084f00000| Untracked 
|  60|0x0000000085000000, 0x0000000085000000, 0x0000000085100000|  0%| F|  |TAMS 0x0000000085000000, 0x0000000085000000| Untracked 
|  61|0x0000000085100000, 0x0000000085100000, 0x0000000085200000|  0%| F|  |TAMS 0x0000000085100000, 0x0000000085100000| Untracked 
|  62|0x0000000085200000, 0x0000000085200000, 0x0000000085300000|  0%| F|  |TAMS 0x0000000085200000, 0x0000000085200000| Untracked 
|  63|0x0000000085300000, 0x0000000085300000, 0x0000000085400000|  0%| F|  |TAMS 0x0000000085300000, 0x0000000085300000| Untracked 
|  64|0x0000000085400000, 0x0000000085400000, 0x0000000085500000|  0%| F|  |TAMS 0x0000000085400000, 0x0000000085400000| Untracked 
|  65|0x0000000085500000, 0x0000000085500000, 0x0000000085600000|  0%| F|  |TAMS 0x0000000085500000, 0x0000000085500000| Untracked 
|  66|0x0000000085600000, 0x0000000085600000, 0x0000000085700000|  0%| F|  |TAMS 0x0000000085600000, 0x0000000085600000| Untracked 
|  67|0x0000000085700000, 0x0000000085700000, 0x0000000085800000|  0%| F|  |TAMS 0x0000000085700000, 0x0000000085700000| Untracked 
|  68|0x0000000085800000, 0x0000000085800000, 0x0000000085900000|  0%| F|  |TAMS 0x0000000085800000, 0x0000000085800000| Untracked 
|  69|0x0000000085900000, 0x0000000085900000, 0x0000000085a00000|  0%| F|  |TAMS 0x0000000085900000, 0x0000000085900000| Untracked 
|  70|0x0000000085a00000, 0x0000000085a00000, 0x0000000085b00000|  0%| F|  |TAMS 0x0000000085a00000, 0x0000000085a00000| Untracked 
|  71|0x0000000085b00000, 0x0000000085b00000, 0x0000000085c00000|  0%| F|  |TAMS 0x0000000085b00000, 0x0000000085b00000| Untracked 
|  72|0x0000000085c00000, 0x0000000085c00000, 0x0000000085d00000|  0%| F|  |TAMS 0x0000000085c00000, 0x0000000085c00000| Untracked 
|  73|0x0000000085d00000, 0x0000000085d00000, 0x0000000085e00000|  0%| F|  |TAMS 0x0000000085d00000, 0x0000000085d00000| Untracked 
|  74|0x0000000085e00000, 0x0000000085e00000, 0x0000000085f00000|  0%| F|  |TAMS 0x0000000085e00000, 0x0000000085e00000| Untracked 
|  75|0x0000000085f00000, 0x0000000085f00000, 0x0000000086000000|  0%| F|  |TAMS 0x0000000085f00000, 0x0000000085f00000| Untracked 
|  76|0x0000000086000000, 0x0000000086000000, 0x0000000086100000|  0%| F|  |TAMS 0x0000000086000000, 0x0000000086000000| Untracked 
|  77|0x0000000086100000, 0x0000000086100000, 0x0000000086200000|  0%| F|  |TAMS 0x0000000086100000, 0x0000000086100000| Untracked 
|  78|0x0000000086200000, 0x0000000086200000, 0x0000000086300000|  0%| F|  |TAMS 0x0000000086200000, 0x0000000086200000| Untracked 
|  79|0x0000000086300000, 0x0000000086300000, 0x0000000086400000|  0%| F|  |TAMS 0x0000000086300000, 0x0000000086300000| Untracked 
|  80|0x0000000086400000, 0x0000000086400000, 0x0000000086500000|  0%| F|  |TAMS 0x0000000086400000, 0x0000000086400000| Untracked 
|  81|0x0000000086500000, 0x0000000086500000, 0x0000000086600000|  0%| F|  |TAMS 0x0000000086500000, 0x0000000086500000| Untracked 
|  82|0x0000000086600000, 0x0000000086600000, 0x0000000086700000|  0%| F|  |TAMS 0x0000000086600000, 0x0000000086600000| Untracked 
|  83|0x0000000086700000, 0x0000000086700000, 0x0000000086800000|  0%| F|  |TAMS 0x0000000086700000, 0x0000000086700000| Untracked 
|  84|0x0000000086800000, 0x0000000086800000, 0x0000000086900000|  0%| F|  |TAMS 0x0000000086800000, 0x0000000086800000| Untracked 
|  85|0x0000000086900000, 0x0000000086900000, 0x0000000086a00000|  0%| F|  |TAMS 0x0000000086900000, 0x0000000086900000| Untracked 
|  86|0x0000000086a00000, 0x0000000086a00000, 0x0000000086b00000|  0%| F|  |TAMS 0x0000000086a00000, 0x0000000086a00000| Untracked 
|  87|0x0000000086b00000, 0x0000000086b00000, 0x0000000086c00000|  0%| F|  |TAMS 0x0000000086b00000, 0x0000000086b00000| Untracked 
|  88|0x0000000086c00000, 0x0000000086c00000, 0x0000000086d00000|  0%| F|  |TAMS 0x0000000086c00000, 0x0000000086c00000| Untracked 
|  89|0x0000000086d00000, 0x0000000086d00000, 0x0000000086e00000|  0%| F|  |TAMS 0x0000000086d00000, 0x0000000086d00000| Untracked 
|  90|0x0000000086e00000, 0x0000000086e00000, 0x0000000086f00000|  0%| F|  |TAMS 0x0000000086e00000, 0x0000000086e00000| Untracked 
|  91|0x0000000086f00000, 0x0000000086f00000, 0x0000000087000000|  0%| F|  |TAMS 0x0000000086f00000, 0x0000000086f00000| Untracked 
|  92|0x0000000087000000, 0x0000000087000000, 0x0000000087100000|  0%| F|  |TAMS 0x0000000087000000, 0x0000000087000000| Untracked 
|  93|0x0000000087100000, 0x0000000087100000, 0x0000000087200000|  0%| F|  |TAMS 0x0000000087100000, 0x0000000087100000| Untracked 
|  94|0x0000000087200000, 0x0000000087200000, 0x0000000087300000|  0%| F|  |TAMS 0x0000000087200000, 0x0000000087200000| Untracked 
|  95|0x0000000087300000, 0x0000000087300000, 0x0000000087400000|  0%| F|  |TAMS 0x0000000087300000, 0x0000000087300000| Untracked 
|  96|0x0000000087400000, 0x0000000087400000, 0x0000000087500000|  0%| F|  |TAMS 0x0000000087400000, 0x0000000087400000| Untracked 
|  97|0x0000000087500000, 0x0000000087500000, 0x0000000087600000|  0%| F|  |TAMS 0x0000000087500000, 0x0000000087500000| Untracked 
|  98|0x0000000087600000, 0x0000000087600000, 0x0000000087700000|  0%| F|  |TAMS 0x0000000087600000, 0x0000000087600000| Untracked 
|  99|0x0000000087700000, 0x0000000087700000, 0x0000000087800000|  0%| F|  |TAMS 0x0000000087700000, 0x0000000087700000| Untracked 
| 100|0x0000000087800000, 0x0000000087800000, 0x0000000087900000|  0%| F|  |TAMS 0x0000000087800000, 0x0000000087800000| Untracked 
| 101|0x0000000087900000, 0x0000000087900000, 0x0000000087a00000|  0%| F|  |TAMS 0x0000000087900000, 0x0000000087900000| Untracked 
| 102|0x0000000087a00000, 0x0000000087a00000, 0x0000000087b00000|  0%| F|  |TAMS 0x0000000087a00000, 0x0000000087a00000| Untracked 
| 103|0x0000000087b00000, 0x0000000087b00000, 0x0000000087c00000|  0%| F|  |TAMS 0x0000000087b00000, 0x0000000087b00000| Untracked 
| 104|0x0000000087c00000, 0x0000000087c00000, 0x0000000087d00000|  0%| F|  |TAMS 0x0000000087c00000, 0x0000000087c00000| Untracked 
| 105|0x0000000087d00000, 0x0000000087d00000, 0x0000000087e00000|  0%| F|  |TAMS 0x0000000087d00000, 0x0000000087d00000| Untracked 
| 106|0x0000000087e00000, 0x0000000087e00000, 0x0000000087f00000|  0%| F|  |TAMS 0x0000000087e00000, 0x0000000087e00000| Untracked 
| 107|0x0000000087f00000, 0x0000000087f00000, 0x0000000088000000|  0%| F|  |TAMS 0x0000000087f00000, 0x0000000087f00000| Untracked 
| 108|0x0000000088000000, 0x0000000088000000, 0x0000000088100000|  0%| F|  |TAMS 0x0000000088000000, 0x0000000088000000| Untracked 
| 109|0x0000000088100000, 0x0000000088100000, 0x0000000088200000|  0%| F|  |TAMS 0x0000000088100000, 0x0000000088100000| Untracked 
| 110|0x0000000088200000, 0x0000000088200000, 0x0000000088300000|  0%| F|  |TAMS 0x0000000088200000, 0x0000000088200000| Untracked 
| 111|0x0000000088300000, 0x0000000088300000, 0x0000000088400000|  0%| F|  |TAMS 0x0000000088300000, 0x0000000088300000| Untracked 
| 112|0x0000000088400000, 0x0000000088400000, 0x0000000088500000|  0%| F|  |TAMS 0x0000000088400000, 0x0000000088400000| Untracked 
| 113|0x0000000088500000, 0x0000000088500000, 0x0000000088600000|  0%| F|  |TAMS 0x0000000088500000, 0x0000000088500000| Untracked 
| 114|0x0000000088600000, 0x0000000088600000, 0x0000000088700000|  0%| F|  |TAMS 0x0000000088600000, 0x0000000088600000| Untracked 
| 115|0x0000000088700000, 0x0000000088700000, 0x0000000088800000|  0%| F|  |TAMS 0x0000000088700000, 0x0000000088700000| Untracked 
| 116|0x0000000088800000, 0x0000000088800000, 0x0000000088900000|  0%| F|  |TAMS 0x0000000088800000, 0x0000000088800000| Untracked 
| 117|0x0000000088900000, 0x0000000088900000, 0x0000000088a00000|  0%| F|  |TAMS 0x0000000088900000, 0x0000000088900000| Untracked 
| 118|0x0000000088a00000, 0x0000000088a00000, 0x0000000088b00000|  0%| F|  |TAMS 0x0000000088a00000, 0x0000000088a00000| Untracked 
| 119|0x0000000088b00000, 0x0000000088b00000, 0x0000000088c00000|  0%| F|  |TAMS 0x0000000088b00000, 0x0000000088b00000| Untracked 
| 120|0x0000000088c00000, 0x0000000088c00000, 0x0000000088d00000|  0%| F|  |TAMS 0x0000000088c00000, 0x0000000088c00000| Untracked 
| 121|0x0000000088d00000, 0x0000000088d00000, 0x0000000088e00000|  0%| F|  |TAMS 0x0000000088d00000, 0x0000000088d00000| Untracked 
| 122|0x0000000088e00000, 0x0000000088e00000, 0x0000000088f00000|  0%| F|  |TAMS 0x0000000088e00000, 0x0000000088e00000| Untracked 
| 123|0x0000000088f00000, 0x0000000089000000, 0x0000000089000000|100%| E|  |TAMS 0x0000000088f00000, 0x0000000088f00000| Complete 
| 124|0x0000000089000000, 0x0000000089100000, 0x0000000089100000|100%| E|CS|TAMS 0x0000000089000000, 0x0000000089000000| Complete 
| 125|0x0000000089100000, 0x0000000089200000, 0x0000000089200000|100%| E|CS|TAMS 0x0000000089100000, 0x0000000089100000| Complete 
| 126|0x0000000089200000, 0x0000000089300000, 0x0000000089300000|100%| E|CS|TAMS 0x0000000089200000, 0x0000000089200000| Complete 
| 127|0x0000000089300000, 0x0000000089400000, 0x0000000089400000|100%| E|CS|TAMS 0x0000000089300000, 0x0000000089300000| Complete 

Card table byte_map: [0x00000272b3500000,0x00000272b3900000] _byte_map_base: 0x00000272b30f6000

Marking Bits (Prev, Next): (CMBitMap*) 0x000002729bd37048, (CMBitMap*) 0x000002729bd37088
 Prev Bits: [0x00000272b3d00000, 0x00000272b5cb0000)
 Next Bits: [0x00000272b5cb0000, 0x00000272b7c60000)

Polling page: 0x000002729b4d0000

Metaspace:

Usage:
  Non-class:      4.36 MB capacity,     2.46 MB ( 56%) used,     1.90 MB ( 44%) free+waste,     2.75 KB ( <1%) overhead. 
      Class:    443.00 KB capacity,   255.07 KB ( 58%) used,   186.37 KB ( 42%) free+waste,     1.56 KB ( <1%) overhead. 
       Both:      4.79 MB capacity,     2.71 MB ( 57%) used,     2.08 MB ( 43%) free+waste,     4.31 KB ( <1%) overhead. 

Virtual space:
  Non-class space:        8.00 MB reserved,       4.50 MB ( 56%) committed 
      Class space:        1.00 GB reserved,     512.00 KB ( <1%) committed 
             Both:        1.01 GB reserved,       5.00 MB ( <1%) committed 

Chunk freelists:
   Non-Class:  1.75 KB
       Class:  640 bytes
        Both:  2.38 KB

CodeHeap 'non-profiled nmethods': size=120064Kb used=114Kb max_used=119Kb free=119949Kb
 bounds [0x00000272abbc0000, 0x00000272abe30000, 0x00000272b3100000]
CodeHeap 'profiled nmethods': size=120000Kb used=545Kb max_used=606Kb free=119454Kb
 bounds [0x00000272a4690000, 0x00000272a4900000, 0x00000272abbc0000]
CodeHeap 'non-nmethods': size=5696Kb used=1161Kb max_used=1174Kb free=4534Kb
 bounds [0x00000272a4100000, 0x00000272a4370000, 0x00000272a4690000]
 total_blobs=880 nmethods=379 adapters=277
 compilation: enabled
              stopped_count=0, restarted_count=0
 full_count=0

Compilation events (10 events):
Event: 1172.704 Thread 0x00000272ba14e000  413       4       java.lang.StringUTF16::compress (50 bytes)
Event: 1172.704 Thread 0x00000272ba161000  414       3       org.eclipse.jdt.launching.internal.org.objectweb.asm.ByteVector::putInt (74 bytes)
Event: 1172.704 Thread 0x00000272ba161000 nmethod 414 0x00000272a4727390 code [0x00000272a4727560, 0x00000272a4727850]
Event: 1172.713 Thread 0x00000272ba14e000 nmethod 413 0x00000272abbcdc90 code [0x00000272abbcde40, 0x00000272abbce1f8]
Event: 1177.928 Thread 0x00000272ba161000  415       3       org.eclipse.jdt.launching.internal.org.objectweb.asm.MethodWriter::visitLineNumber (50 bytes)
Event: 1177.928 Thread 0x00000272ba161000 nmethod 415 0x00000272a4690010 code [0x00000272a4690200, 0x00000272a4690740]
Event: 1177.928 Thread 0x00000272ba161000  416       3       org.eclipse.jdt.launching.internal.org.objectweb.asm.MethodWriter::visitInsn (115 bytes)
Event: 1177.929 Thread 0x00000272ba161000 nmethod 416 0x00000272a4691090 code [0x00000272a46912a0, 0x00000272a46917d0]
Event: 1177.929 Thread 0x00000272ba14e000  417       4       java.lang.String::hashCode (49 bytes)
Event: 1177.934 Thread 0x00000272ba14e000 nmethod 417 0x00000272abbc7290 code [0x00000272abbc7440, 0x00000272abbc76a8]

GC Heap History (0 events):
No events

Deoptimization events (5 events):
Event: 0.269 Thread 0x000002729bcf4800 Uncommon trap: reason=class_check action=maybe_recompile pc=0x00000272abbcdb58 method=java.util.HashMap.putVal(ILjava/lang/Object;Ljava/lang/Object;ZZ)Ljava/lang/Object; @ 152 c2
Event: 0.284 Thread 0x000002729bcf4800 Uncommon trap: reason=class_check action=maybe_recompile pc=0x00000272abbcdb58 method=java.util.HashMap.putVal(ILjava/lang/Object;Ljava/lang/Object;ZZ)Ljava/lang/Object; @ 152 c2
Event: 0.284 Thread 0x000002729bcf4800 Uncommon trap: reason=unstable_if action=reinterpret pc=0x00000272abbcdc74 method=java.util.HashMap.putVal(ILjava/lang/Object;Ljava/lang/Object;ZZ)Ljava/lang/Object; @ 181 c2
Event: 0.369 Thread 0x000002729bcf4800 Uncommon trap: reason=unstable_if action=reinterpret pc=0x00000272abbc765c method=java.lang.String.isLatin1()Z @ 10 c2
Event: 0.421 Thread 0x000002729bcf4800 Uncommon trap: reason=unstable_if action=reinterpret pc=0x00000272abbca258 method=java.lang.String.equals(Ljava/lang/Object;)Z @ 27 c2

Classes redefined (7 events):
Event: 519.953 Thread 0x00000272ba120800 redefined class name=tree.Solution_D4_1232_ì‚¬ì¹™ì—°ì‚°_ì„œìš¸9ë°˜_ê¹€ìš°ìž¬, count=1
Event: 529.025 Thread 0x00000272ba120800 redefined class name=tree.Solution_D4_1232_ì‚¬ì¹™ì—°ì‚°_ì„œìš¸9ë°˜_ê¹€ìš°ìž¬, count=2
Event: 555.391 Thread 0x00000272ba120800 redefined class name=tree.Solution_D4_1232_ì‚¬ì¹™ì—°ì‚°_ì„œìš¸9ë°˜_ê¹€ìš°ìž¬, count=3
Event: 561.171 Thread 0x00000272ba120800 redefined class name=tree.Solution_D4_1232_ì‚¬ì¹™ì—°ì‚°_ì„œìš¸9ë°˜_ê¹€ìš°ìž¬, count=4
Event: 792.346 Thread 0x00000272ba120800 redefined class name=tree.Solution_D4_1232_ì‚¬ì¹™ì—°ì‚°_ì„œìš¸9ë°˜_ê¹€ìš°ìž¬, count=5
Event: 836.494 Thread 0x00000272ba120800 redefined class name=tree.Solution_D4_1232_ì‚¬ì¹™ì—°ì‚°_ì„œìš¸9ë°˜_ê¹€ìš°ìž¬, count=6
Event: 1177.933 Thread 0x00000272ba120800 redefined class name=tree.Solution_D4_1232_ì‚¬ì¹™ì—°ì‚°_ì„œìš¸9ë°˜_ê¹€ìš°ìž¬, count=7

Internal exceptions (0 events):
No events

Events (10 events):
Event: 1177.968 Executing VM operation: GetFrameCount done
Event: 1177.968 Executing VM operation: GetStackTrace
Event: 1177.968 Executing VM operation: GetStackTrace done
Event: 1178.251 Executing VM operation: GetFrameCount
Event: 1178.251 Executing VM operation: GetFrameCount done
Event: 1178.252 Executing VM operation: GetOwnedMonitorInfo
Event: 1178.252 Executing VM operation: GetOwnedMonitorInfo done
Event: 1178.252 Executing VM operation: GetCurrentContendedMonitor
Event: 1178.252 Executing VM operation: GetCurrentContendedMonitor done
Event: 1228.843 Executing VM operation: GetOrSetLocal


Dynamic libraries:
0x00007ff688940000 - 0x00007ff68894f000 	D:\java\jdk-12.0.1\bin\javaw.exe
0x00007ff99ef00000 - 0x00007ff99f0e1000 	C:\WINDOWS\SYSTEM32\ntdll.dll
0x00007ff99e430000 - 0x00007ff99e4e1000 	C:\WINDOWS\System32\KERNEL32.DLL
0x00007ff99bee0000 - 0x00007ff99c153000 	C:\WINDOWS\System32\KERNELBASE.dll
0x00007ff99b2f0000 - 0x00007ff99b3e8000 	C:\WINDOWS\System32\ucrtbase.dll
0x00007ff996730000 - 0x00007ff996748000 	D:\java\jdk-12.0.1\bin\jli.dll
0x00007ff99ccb0000 - 0x00007ff99cd51000 	C:\WINDOWS\System32\ADVAPI32.dll
0x00007ff99ec90000 - 0x00007ff99ed2e000 	C:\WINDOWS\System32\msvcrt.dll
0x00007ff99ebc0000 - 0x00007ff99ec1b000 	C:\WINDOWS\System32\sechost.dll
0x00007ff99cb80000 - 0x00007ff99cca4000 	C:\WINDOWS\System32\RPCRT4.dll
0x00007ff99c510000 - 0x00007ff99c6a0000 	C:\WINDOWS\System32\USER32.dll
0x00007ff99b2d0000 - 0x00007ff99b2f0000 	C:\WINDOWS\System32\win32u.dll
0x00007ff99eea0000 - 0x00007ff99eec8000 	C:\WINDOWS\System32\GDI32.dll
0x00007ff99bb50000 - 0x00007ff99bce1000 	C:\WINDOWS\System32\gdi32full.dll
0x00007ff99c2f0000 - 0x00007ff99c38f000 	C:\WINDOWS\System32\msvcp_win.dll
0x00007ff995eb0000 - 0x00007ff995ec6000 	D:\java\jdk-12.0.1\bin\VCRUNTIME140.dll
0x00007ff98d980000 - 0x00007ff98dbe9000 	C:\WINDOWS\WinSxS\amd64_microsoft.windows.common-controls_6595b64144ccf1df_6.0.17134.885_none_fb42a3473065565f\COMCTL32.dll
0x00007ff99c850000 - 0x00007ff99cb72000 	C:\WINDOWS\System32\combase.dll
0x00007ff99c1c0000 - 0x00007ff99c239000 	C:\WINDOWS\System32\bcryptPrimitives.dll
0x00007ff995c00000 - 0x00007ff995c0a000 	C:\WINDOWS\SYSTEM32\VERSION.dll
0x00007ff99ea30000 - 0x00007ff99ea5d000 	C:\WINDOWS\System32\IMM32.DLL
0x00007ff973a20000 - 0x00007ff973aca000 	D:\java\jdk-12.0.1\bin\msvcp140.dll
0x00007ff965980000 - 0x00007ff9664f4000 	D:\java\jdk-12.0.1\bin\server\jvm.dll
0x00007ff99e9c0000 - 0x00007ff99e9c8000 	C:\WINDOWS\System32\PSAPI.DLL
0x00007ff97ca90000 - 0x00007ff97ca99000 	C:\WINDOWS\SYSTEM32\WSOCK32.dll
0x00007ff99ed30000 - 0x00007ff99ed9c000 	C:\WINDOWS\System32\WS2_32.dll
0x00007ff9949f0000 - 0x00007ff994a13000 	C:\WINDOWS\SYSTEM32\WINMM.dll
0x00007ff9949c0000 - 0x00007ff9949ea000 	C:\WINDOWS\SYSTEM32\WINMMBASE.dll
0x00007ff99bb00000 - 0x00007ff99bb49000 	C:\WINDOWS\System32\cfgmgr32.dll
0x00007ff99b2b0000 - 0x00007ff99b2c1000 	C:\WINDOWS\System32\kernel.appcore.dll
0x00007ff98dc50000 - 0x00007ff98dc61000 	D:\java\jdk-12.0.1\bin\verify.dll
0x00007ff980b00000 - 0x00007ff980cc9000 	C:\WINDOWS\SYSTEM32\DBGHELP.DLL
0x00007ff9812c0000 - 0x00007ff9812e9000 	C:\WINDOWS\SYSTEM32\dbgcore.DLL
0x00007ff98dc20000 - 0x00007ff98dc46000 	D:\java\jdk-12.0.1\bin\java.dll
0x00007ff985a00000 - 0x00007ff985a38000 	D:\java\jdk-12.0.1\bin\jdwp.dll
0x00007ff996720000 - 0x00007ff99672e000 	D:\java\jdk-12.0.1\bin\instrument.dll
0x00007ff97fba0000 - 0x00007ff97fbb7000 	D:\java\jdk-12.0.1\bin\zip.dll
0x00007ff9837c0000 - 0x00007ff9837ca000 	D:\java\jdk-12.0.1\bin\jimage.dll
0x00007ff99cfd0000 - 0x00007ff99e410000 	C:\WINDOWS\System32\SHELL32.dll
0x00007ff99cd60000 - 0x00007ff99ce09000 	C:\WINDOWS\System32\shcore.dll
0x00007ff99b3f0000 - 0x00007ff99bafd000 	C:\WINDOWS\System32\windows.storage.dll
0x00007ff99e9d0000 - 0x00007ff99ea21000 	C:\WINDOWS\System32\shlwapi.dll
0x00007ff99b270000 - 0x00007ff99b28f000 	C:\WINDOWS\System32\profapi.dll
0x00007ff99b220000 - 0x00007ff99b26c000 	C:\WINDOWS\System32\powrprof.dll
0x00007ff99b210000 - 0x00007ff99b21a000 	C:\WINDOWS\System32\FLTLIB.DLL
0x00007ff995ea0000 - 0x00007ff995eaa000 	D:\java\jdk-12.0.1\bin\dt_socket.dll
0x00007ff99aa90000 - 0x00007ff99aaf6000 	C:\WINDOWS\System32\mswsock.dll
0x00007ff99a860000 - 0x00007ff99a91e000 	C:\WINDOWS\SYSTEM32\DNSAPI.dll
0x00007ff99c840000 - 0x00007ff99c848000 	C:\WINDOWS\System32\NSI.dll
0x00007ff99a820000 - 0x00007ff99a858000 	C:\WINDOWS\SYSTEM32\IPHLPAPI.DLL
0x00007ff98f3f0000 - 0x00007ff98f462000 	C:\WINDOWS\System32\fwpuclnt.dll
0x00007ff99ad70000 - 0x00007ff99ad95000 	C:\WINDOWS\SYSTEM32\bcrypt.dll
0x00007ff98ea20000 - 0x00007ff98ea2a000 	C:\Windows\System32\rasadhlp.dll
0x00007ff97cff0000 - 0x00007ff97d009000 	D:\java\jdk-12.0.1\bin\net.dll
0x00007ff98a620000 - 0x00007ff98a7e9000 	C:\WINDOWS\SYSTEM32\urlmon.dll
0x00007ff98f4c0000 - 0x00007ff98f59d000 	C:\WINDOWS\SYSTEM32\WINHTTP.dll
0x00007ff98b8c0000 - 0x00007ff98bb66000 	C:\WINDOWS\SYSTEM32\iertutil.dll
0x00007ff99ac60000 - 0x00007ff99ac6b000 	C:\WINDOWS\SYSTEM32\CRYPTBASE.DLL
0x00007ff97cac0000 - 0x00007ff97cad3000 	D:\java\jdk-12.0.1\bin\nio.dll

dbghelp: loaded successfully - version: 4.0.5 - missing functions: none
symbol engine: initialized successfully - sym options: 0x614 - pdb path: .;D:\java\jdk-12.0.1\bin;C:\WINDOWS\SYSTEM32;C:\WINDOWS\WinSxS\amd64_microsoft.windows.common-controls_6595b64144ccf1df_6.0.17134.885_none_fb42a3473065565f;D:\java\jdk-12.0.1\bin\server

VM Arguments:
jvm_args: -agentlib:jdwp=transport=dt_socket,suspend=y,address=localhost:53446 -javaagent:D:\java\eclipse\eclipse\configuration\org.eclipse.osgi\226\0\.cp\lib\javaagent-shaded.jar -Dfile.encoding=UTF-8 
java_command: tree.Solution_D4_1232_»çÄ¢¿¬»ê_¼­¿ï9¹Ý_±è¿ìÀç
java_class_path (initial): D:\Algo\work_algo\Algo\bin
Launcher Type: SUN_STANDARD

[Global flags]
     intx CICompilerCount                          = 3                                         {product} {ergonomic}
     uint ConcGCThreads                            = 1                                         {product} {ergonomic}
     uint G1ConcRefinementThreads                  = 4                                         {product} {ergonomic}
   size_t G1HeapRegionSize                         = 1048576                                   {product} {ergonomic}
    uintx GCDrainStackTargetSize                   = 64                                        {product} {ergonomic}
   size_t InitialHeapSize                          = 134217728                                 {product} {ergonomic}
   size_t MarkStackSize                            = 4194304                                   {product} {ergonomic}
   size_t MaxHeapSize                              = 2126512128                                {product} {ergonomic}
   size_t MaxNewSize                               = 1275068416                                {product} {ergonomic}
   size_t MinHeapDeltaBytes                        = 1048576                                   {product} {ergonomic}
    uintx NonNMethodCodeHeapSize                   = 5830732                                {pd product} {ergonomic}
    uintx NonProfiledCodeHeapSize                  = 122913754                              {pd product} {ergonomic}
    uintx ProfiledCodeHeapSize                     = 122913754                              {pd product} {ergonomic}
    uintx ReservedCodeCacheSize                    = 251658240                              {pd product} {ergonomic}
     bool SegmentedCodeCache                       = true                                      {product} {ergonomic}
     bool UseCompressedClassPointers               = true                                 {lp64_product} {ergonomic}
     bool UseCompressedOops                        = true                                 {lp64_product} {ergonomic}
     bool UseG1GC                                  = true                                      {product} {ergonomic}
     bool UseLargePagesIndividualAllocation        = false                                  {pd product} {ergonomic}

Logging:
Log output configuration:
 #0: stdout all=warning uptime,level,tags
 #1: stderr all=off uptime,level,tags

Environment Variables:
PATH=D:/java/jdk-12.0.1/bin/server;D:/java/jdk-12.0.1/bin;C:\Program Files (x86)\Intel\iCLS Client\;C:\Program Files\Intel\iCLS Client\;C:\windows\system32;C:\windows;C:\windows\System32\Wbem;C:\windows\System32\WindowsPowerShell\v1.0\;C:\Program Files (x86)\NVIDIA Corporation\PhysX\Common;C:\Program Files\Samsung\SamsungLink\AllShare Framework DMS\bin\;C:\WINDOWS\system32;C:\WINDOWS;C:\WINDOWS\System32\Wbem;C:\WINDOWS\System32\WindowsPowerShell\v1.0\;C:\WINDOWS\System32\OpenSSH\;C:\Program Files\Intel\WiFi\bin\;C:\Program Files\Common Files\Intel\WirelessCommon\;C:\Program Files (x86)\Intel\Intel(R) Management Engine Components\DAL;C:\Program Files\Intel\Intel(R) Management Engine Components\DAL;C:\Program Files (x86)\Intel\Intel(R) Management Engine Components\IPT;C:\Program Files\Intel\Intel(R) Management Engine Components\IPT;D:\java\jdk-12.0.1\bin;D:\program\Git\cmd;C:\Program Files\Intel\WiFi\bin\;C:\Program Files\Common Files\Intel\WirelessCommon\;C:\Program Files\Bandizip\;%USERPROFILE%\AppData\Local\Microsoft\WindowsApps;;C:\WINDOWS\System32;
USERNAME=woojae
OS=Windows_NT
PROCESSOR_IDENTIFIER=Intel64 Family 6 Model 78 Stepping 3, GenuineIntel



---------------  S Y S T E M  ---------------

OS: Windows 10 , 64 bit Build 17134 (10.0.17134.753)

CPU:total 4 (initial active 4) (2 cores per cpu, 2 threads per core) family 6 model 78 stepping 3, cmov, cx8, fxsr, mmx, sse, sse2, sse3, ssse3, sse4.1, sse4.2, popcnt, avx, avx2, aes, clmul, erms, 3dnowpref, lzcnt, ht, tsc, tscinvbit, bmi1, bmi2, adx, fma

Memory: 4k page, system-wide physical 8109M (3330M free)
TotalPageFile size 9389M (AvailPageFile size 2066M)
current process WorkingSet (physical memory assigned to process): 54M, peak: 54M
current process commit charge ("private bytes"): 226M, peak: 226M

vm_info: Java HotSpot(TM) 64-Bit Server VM (12.0.1+12) for windows-amd64 JRE (12.0.1+12), built on Apr  2 2019 14:02:19 by "mach5one" with MS VC++ 15.5 (VS2017)

END.
